==236383== 24 bytes in 1 blocks are possibly lost in loss record 155 of 465
==236383==    at 0x4844818: malloc (vg_replace_malloc.c:446)
==236383==    by 0x4A15765: __tsearch (tsearch.c:337)
==236383==    by 0x4A15765: tsearch (tsearch.c:290)
==236383==    by 0x7574DE8: ??? (in /usr/lib/x86_64-linux-gnu/libtinfo.so.6.5)
==236383==    by 0x757679A: tiparm (in /usr/lib/x86_64-linux-gnu/libtinfo.so.6.5)
==236383==    by 0x489DB8A: term_fg_palindex (internal.h:1113)
==236383==    by 0x489DB8A: init_banner (banner.c:33)
==236383==    by 0x48C63C2: notcurses_core_init (notcurses.c:1350)
==236383==    by 0x10932A: main (main.c:13)
==236383== 
==236383== 63 bytes in 1 blocks are possibly lost in loss record 203 of 465
==236383==    at 0x4844818: malloc (vg_replace_malloc.c:446)
==236383==    by 0x49AF7A9: strdup (strdup.c:42)
==236383==    by 0x7574DCD: ??? (in /usr/lib/x86_64-linux-gnu/libtinfo.so.6.5)
==236383==    by 0x757679A: tiparm (in /usr/lib/x86_64-linux-gnu/libtinfo.so.6.5)
==236383==    by 0x489DB8A: term_fg_palindex (internal.h:1113)
==236383==    by 0x489DB8A: init_banner (banner.c:33)
==236383==    by 0x48C63C2: notcurses_core_init (notcurses.c:1350)
==236383==    by 0x10932A: main (main.c:13)
==236383== 
==236383== 80 bytes in 1 blocks are possibly lost in loss record 290 of 465
==236383==    at 0x4844818: malloc (vg_replace_malloc.c:446)
==236383==    by 0x1187F3F6: ??? (in /usr/lib/x86_64-linux-gnu/libGLdispatch.so.0.0.0)
==236383==    by 0x1187F689: __glDispatchInit (in /usr/lib/x86_64-linux-gnu/libGLdispatch.so.0.0.0)
==236383==    by 0x118FA44C: ??? (in /usr/lib/x86_64-linux-gnu/libGLX.so.0.0.0)
==236383==    by 0x4005DCD: call_init (dl-init.c:74)
==236383==    by 0x4005DCD: call_init (dl-init.c:26)
==236383==    by 0x4005E9B: _dl_init (dl-init.c:121)
==236383==    by 0x401D2AF: ??? (in /usr/lib/x86_64-linux-gnu/ld-linux-x86-64.so.2)
==236383== 
==236383== 80 bytes in 1 blocks are possibly lost in loss record 291 of 465
==236383==    at 0x4844818: malloc (vg_replace_malloc.c:446)
==236383==    by 0x1187F3F6: ??? (in /usr/lib/x86_64-linux-gnu/libGLdispatch.so.0.0.0)
==236383==    by 0x1187F880: __glDispatchRegisterStubCallbacks (in /usr/lib/x86_64-linux-gnu/libGLdispatch.so.0.0.0)
==236383==    by 0xDBDE149: ??? (in /usr/lib/x86_64-linux-gnu/libGL.so.1.7.0)
==236383==    by 0x4005DCD: call_init (dl-init.c:74)
==236383==    by 0x4005DCD: call_init (dl-init.c:26)
==236383==    by 0x4005E9B: _dl_init (dl-init.c:121)
==236383==    by 0x401D2AF: ??? (in /usr/lib/x86_64-linux-gnu/ld-linux-x86-64.so.2)
==236383== 
==236383== 168 bytes in 1 blocks are possibly lost in loss record 351 of 465
==236383==    at 0x484BBA3: calloc (vg_replace_malloc.c:1675)
==236383==    by 0x7574D46: ??? (in /usr/lib/x86_64-linux-gnu/libtinfo.so.6.5)
==236383==    by 0x757679A: tiparm (in /usr/lib/x86_64-linux-gnu/libtinfo.so.6.5)
==236383==    by 0x489DB8A: term_fg_palindex (internal.h:1113)
==236383==    by 0x489DB8A: init_banner (banner.c:33)
==236383==    by 0x48C63C2: notcurses_core_init (notcurses.c:1350)
==236383==    by 0x10932A: main (main.c:13)
==236383== 
==236383== 720 bytes in 1 blocks are possibly lost in loss record 391 of 465
==236383==    at 0x484BBA3: calloc (vg_replace_malloc.c:1675)
==236383==    by 0x4011F22: calloc (rtld-malloc.h:44)
==236383==    by 0x4011F22: allocate_dtv (dl-tls.c:462)
==236383==    by 0x401293D: _dl_allocate_tls (dl-tls.c:712)
==236383==    by 0x4999781: allocate_stack (allocatestack.c:431)
==236383==    by 0x4999781: pthread_create@@GLIBC_2.34 (pthread_create.c:660)
==236383==    by 0x48B35F9: init_inputlayer (in.c:2646)
==236383==    by 0x48E2A44: interrogate_terminfo (termdesc.c:1409)
==236383==    by 0x48C5FF7: notcurses_core_init (notcurses.c:1284)
==236383==    by 0x10932A: main (main.c:13)
==236383== 
